# JRE version: OpenJDK Runtime Environment (22.0.2+9) (build 22.0.2+9-70)
# Java VM: OpenJDK 64-Bit Server VM (22.0.2+9-70, mixed mode, sharing, tiered, compressed oops, compressed class ptrs, g1 gc, bsd-aarch64)
Heap:
 garbage-first heap   total reserved 2097152K, committed 139264K, used 70127K [0x0000000780000000, 0x0000000800000000)
  region size 1024K, 33 young (33792K), 7 survivors (7168K)
 Metaspace       used 13908K, committed 14336K, reserved 1114112K
  class space    used 1512K, committed 1728K, reserved 1048576K
GC Heap History (8 events):
Event: 0.702 GC heap before
{Heap before GC invocations=0 (full 0):
 garbage-first heap   total reserved 2097152K, committed 133120K, used 31760K [0x0000000780000000, 0x0000000800000000)
  region size 1024K, 24 young (24576K), 0 survivors (0K)
 Metaspace       used 10540K, committed 10880K, reserved 1114112K
  class space    used 1180K, committed 1344K, reserved 1048576K
}
Event: 0.705 GC heap after
{Heap after GC invocations=1 (full 0):
 garbage-first heap   total reserved 2097152K, committed 133120K, used 11447K [0x0000000780000000, 0x0000000800000000)
  region size 1024K, 3 young (3072K), 3 survivors (3072K)
 Metaspace       used 10540K, committed 10880K, reserved 1114112K
  class space    used 1180K, committed 1344K, reserved 1048576K
}
Event: 6.863 GC heap before
{Heap before GC invocations=1 (full 0):
 garbage-first heap   total reserved 2097152K, committed 133120K, used 87223K [0x0000000780000000, 0x0000000800000000)
  region size 1024K, 41 young (41984K), 3 survivors (3072K)
 Metaspace       used 13442K, committed 13760K, reserved 1114112K
  class space    used 1492K, committed 1600K, reserved 1048576K
}
Event: 6.866 GC heap after
{Heap after GC invocations=2 (full 0):
 garbage-first heap   total reserved 2097152K, committed 133120K, used 52659K [0x0000000780000000, 0x0000000800000000)
  region size 1024K, 6 young (6144K), 6 survivors (6144K)
 Metaspace       used 13442K, committed 13760K, reserved 1114112K
  class space    used 1492K, committed 1600K, reserved 1048576K
}
Event: 8.169 GC heap before
{Heap before GC invocations=2 (full 0):
 garbage-first heap   total reserved 2097152K, committed 133120K, used 69043K [0x0000000780000000, 0x0000000800000000)
  region size 1024K, 13 young (13312K), 6 survivors (6144K)
 Metaspace       used 13509K, committed 13824K, reserved 1114112K
  class space    used 1492K, committed 1600K, reserved 1048576K
}
Event: 8.171 GC heap after
{Heap after GC invocations=3 (full 0):
 garbage-first heap   total reserved 2097152K, committed 133120K, used 30414K [0x0000000780000000, 0x0000000800000000)
  region size 1024K, 4 young (4096K), 4 survivors (4096K)
 Metaspace       used 13509K, committed 13824K, reserved 1114112K
  class space    used 1492K, committed 1600K, reserved 1048576K
}
Event: 46.285 GC heap before
{Heap before GC invocations=3 (full 0):
 garbage-first heap   total reserved 2097152K, committed 133120K, used 129742K [0x0000000780000000, 0x0000000800000000)
  region size 1024K, 76 young (77824K), 4 survivors (4096K)
 Metaspace       used 13882K, committed 14336K, reserved 1114112K
  class space    used 1510K, committed 1728K, reserved 1048576K
}
Event: 46.289 GC heap after
{Heap after GC invocations=4 (full 0):
 garbage-first heap   total reserved 2097152K, committed 139264K, used 43503K [0x0000000780000000, 0x0000000800000000)
  region size 1024K, 7 young (7168K), 7 survivors (7168K)
 Metaspace       used 13882K, committed 14336K, reserved 1114112K
  class space    used 1510K, committed 1728K, reserved 1048576K
}

