# JRE version: OpenJDK Runtime Environment (22.0.2+9) (build 22.0.2+9-70)
# Java VM: OpenJDK 64-Bit Server VM (22.0.2+9-70, mixed mode, sharing, tiered, compressed oops, compressed class ptrs, g1 gc, bsd-aarch64)
Heap:
 garbage-first heap   total reserved 2097152K, committed 133120K, used 91002K [0x0000000780000000, 0x0000000800000000)
  region size 1024K, 76 young (77824K), 1 survivors (1024K)
 Metaspace       used 14165K, committed 14528K, reserved 1114112K
  class space    used 1494K, committed 1664K, reserved 1048576K
GC Heap History (20 events):
Event: 50.814 GC heap before
{Heap before GC invocations=11 (full 0):
 garbage-first heap   total reserved 2097152K, committed 133120K, used 84902K [0x0000000780000000, 0x0000000800000000)
  region size 1024K, 76 young (77824K), 7 survivors (7168K)
 Metaspace       used 13938K, committed 14336K, reserved 1114112K
  class space    used 1474K, committed 1664K, reserved 1048576K
}
Event: 50.817 GC heap after
{Heap after GC invocations=12 (full 0):
 garbage-first heap   total reserved 2097152K, committed 133120K, used 14537K [0x0000000780000000, 0x0000000800000000)
  region size 1024K, 7 young (7168K), 7 survivors (7168K)
 Metaspace       used 13938K, committed 14336K, reserved 1114112K
  class space    used 1474K, committed 1664K, reserved 1048576K
}
Event: 55.515 GC heap before
{Heap before GC invocations=12 (full 0):
 garbage-first heap   total reserved 2097152K, committed 133120K, used 85193K [0x0000000780000000, 0x0000000800000000)
  region size 1024K, 76 young (77824K), 7 survivors (7168K)
 Metaspace       used 13945K, committed 14336K, reserved 1114112K
  class space    used 1474K, committed 1664K, reserved 1048576K
}
Event: 55.538 GC heap after
{Heap after GC invocations=13 (full 0):
 garbage-first heap   total reserved 2097152K, committed 133120K, used 15195K [0x0000000780000000, 0x0000000800000000)
  region size 1024K, 8 young (8192K), 8 survivors (8192K)
 Metaspace       used 13945K, committed 14336K, reserved 1114112K
  class space    used 1474K, committed 1664K, reserved 1048576K
}
Event: 60.364 GC heap before
{Heap before GC invocations=13 (full 0):
 garbage-first heap   total reserved 2097152K, committed 133120K, used 84827K [0x0000000780000000, 0x0000000800000000)
  region size 1024K, 76 young (77824K), 8 survivors (8192K)
 Metaspace       used 14043K, committed 14400K, reserved 1114112K
  class space    used 1491K, committed 1664K, reserved 1048576K
}
Event: 60.369 GC heap after
{Heap after GC invocations=14 (full 0):
 garbage-first heap   total reserved 2097152K, committed 133120K, used 15573K [0x0000000780000000, 0x0000000800000000)
  region size 1024K, 8 young (8192K), 8 survivors (8192K)
 Metaspace       used 14043K, committed 14400K, reserved 1114112K
  class space    used 1491K, committed 1664K, reserved 1048576K
}
Event: 64.966 GC heap before
{Heap before GC invocations=14 (full 0):
 garbage-first heap   total reserved 2097152K, committed 133120K, used 85205K [0x0000000780000000, 0x0000000800000000)
  region size 1024K, 76 young (77824K), 8 survivors (8192K)
 Metaspace       used 14067K, committed 14464K, reserved 1114112K
  class space    used 1494K, committed 1664K, reserved 1048576K
}
Event: 64.969 GC heap after
{Heap after GC invocations=15 (full 0):
 garbage-first heap   total reserved 2097152K, committed 133120K, used 13419K [0x0000000780000000, 0x0000000800000000)
  region size 1024K, 6 young (6144K), 6 survivors (6144K)
 Metaspace       used 14067K, committed 14464K, reserved 1114112K
  class space    used 1494K, committed 1664K, reserved 1048576K
}
Event: 69.730 GC heap before
{Heap before GC invocations=15 (full 0):
 garbage-first heap   total reserved 2097152K, committed 133120K, used 85099K [0x0000000780000000, 0x0000000800000000)
  region size 1024K, 76 young (77824K), 6 survivors (6144K)
 Metaspace       used 14076K, committed 14464K, reserved 1114112K
  class space    used 1494K, committed 1664K, reserved 1048576K
}
Event: 69.733 GC heap after
{Heap after GC invocations=16 (full 0):
 garbage-first heap   total reserved 2097152K, committed 133120K, used 13362K [0x0000000780000000, 0x0000000800000000)
  region size 1024K, 3 young (3072K), 3 survivors (3072K)
 Metaspace       used 14076K, committed 14464K, reserved 1114112K
  class space    used 1494K, committed 1664K, reserved 1048576K
}
Event: 74.699 GC heap before
{Heap before GC invocations=16 (full 0):
 garbage-first heap   total reserved 2097152K, committed 133120K, used 88114K [0x0000000780000000, 0x0000000800000000)
  region size 1024K, 76 young (77824K), 3 survivors (3072K)
 Metaspace       used 14089K, committed 14464K, reserved 1114112K
  class space    used 1494K, committed 1664K, reserved 1048576K
}
Event: 74.700 GC heap after
{Heap after GC invocations=17 (full 0):
 garbage-first heap   total reserved 2097152K, committed 133120K, used 14201K [0x0000000780000000, 0x0000000800000000)
  region size 1024K, 1 young (1024K), 1 survivors (1024K)
 Metaspace       used 14089K, committed 14464K, reserved 1114112K
  class space    used 1494K, committed 1664K, reserved 1048576K
}
Event: 79.815 GC heap before
{Heap before GC invocations=17 (full 0):
 garbage-first heap   total reserved 2097152K, committed 133120K, used 91001K [0x0000000780000000, 0x0000000800000000)
  region size 1024K, 76 young (77824K), 1 survivors (1024K)
 Metaspace       used 14108K, committed 14464K, reserved 1114112K
  class space    used 1494K, committed 1664K, reserved 1048576K
}
Event: 79.816 GC heap after
{Heap after GC invocations=18 (full 0):
 garbage-first heap   total reserved 2097152K, committed 133120K, used 14180K [0x0000000780000000, 0x0000000800000000)
  region size 1024K, 1 young (1024K), 1 survivors (1024K)
 Metaspace       used 14108K, committed 14464K, reserved 1114112K
  class space    used 1494K, committed 1664K, reserved 1048576K
}
Event: 84.931 GC heap before
{Heap before GC invocations=18 (full 0):
 garbage-first heap   total reserved 2097152K, committed 133120K, used 90980K [0x0000000780000000, 0x0000000800000000)
  region size 1024K, 76 young (77824K), 1 survivors (1024K)
 Metaspace       used 14154K, committed 14528K, reserved 1114112K
  class space    used 1494K, committed 1664K, reserved 1048576K
}
Event: 84.931 GC heap after
{Heap after GC invocations=19 (full 0):
 garbage-first heap   total reserved 2097152K, committed 133120K, used 14187K [0x0000000780000000, 0x0000000800000000)
  region size 1024K, 1 young (1024K), 1 survivors (1024K)
 Metaspace       used 14154K, committed 14528K, reserved 1114112K
  class space    used 1494K, committed 1664K, reserved 1048576K
}
Event: 90.047 GC heap before
{Heap before GC invocations=19 (full 0):
 garbage-first heap   total reserved 2097152K, committed 133120K, used 90987K [0x0000000780000000, 0x0000000800000000)
  region size 1024K, 76 young (77824K), 1 survivors (1024K)
 Metaspace       used 14158K, committed 14528K, reserved 1114112K
  class space    used 1494K, committed 1664K, reserved 1048576K
}
Event: 90.048 GC heap after
{Heap after GC invocations=20 (full 0):
 garbage-first heap   total reserved 2097152K, committed 133120K, used 14189K [0x0000000780000000, 0x0000000800000000)
  region size 1024K, 1 young (1024K), 1 survivors (1024K)
 Metaspace       used 14158K, committed 14528K, reserved 1114112K
  class space    used 1494K, committed 1664K, reserved 1048576K
}
Event: 95.247 GC heap before
{Heap before GC invocations=20 (full 0):
 garbage-first heap   total reserved 2097152K, committed 133120K, used 90989K [0x0000000780000000, 0x0000000800000000)
  region size 1024K, 76 young (77824K), 1 survivors (1024K)
 Metaspace       used 14159K, committed 14528K, reserved 1114112K
  class space    used 1494K, committed 1664K, reserved 1048576K
}
Event: 95.249 GC heap after
{Heap after GC invocations=21 (full 0):
 garbage-first heap   total reserved 2097152K, committed 133120K, used 14202K [0x0000000780000000, 0x0000000800000000)
  region size 1024K, 1 young (1024K), 1 survivors (1024K)
 Metaspace       used 14159K, committed 14528K, reserved 1114112K
  class space    used 1494K, committed 1664K, reserved 1048576K
}

